<?xml version="1.0" encoding="UTF-8"?>
<robot generator="Robot 3.1.2 (Python 3.8.1 on win32)" generated="20200130 17:03:04.404" rpa="false">
<suite id="s1" name="Tests" source="C:\Users\Nurlan.Rahimzada\Documents\Python\selenium_robot-11c511cfb3a8ab9778da056221c171f7457dfcd5\project\mobile\tests">
<suite id="s1-s1" name="CalendraTest" source="C:\Users\Nurlan.Rahimzada\Documents\Python\selenium_robot-11c511cfb3a8ab9778da056221c171f7457dfcd5\project\mobile\tests\CalendraTest.robot">
<test id="s1-s1-t1" name="Verify current date">
<kw name="Init Driver" library="BaseSteps" type="setup">
<msg timestamp="20200130 17:03:04.682" level="INFO">PLATFORM: Android
VERSION: 8.1.0
DEVICE_NAME: emulator-5556
APP_NAME: WeNote.apk</msg>
<status status="PASS" starttime="20200130 17:03:04.681" endtime="20200130 17:03:17.378"></status>
</kw>
<kw name="When navigate to calendar" library="AppSteps">
<msg timestamp="20200130 17:03:18.435" level="INFO">Page 'CalendarScreen' was opened</msg>
<msg timestamp="20200130 17:03:18.435" level="INFO">Click 'CalendarScreen'</msg>
<status status="PASS" starttime="20200130 17:03:17.379" endtime="20200130 17:03:18.653"></status>
</kw>
<kw name="Then verify current date is correct" library="AppSteps">
<msg timestamp="20200130 17:03:19.064" level="INFO">Page 'CalendarScreen' was opened</msg>
<status status="PASS" starttime="20200130 17:03:18.654" endtime="20200130 17:03:19.452"></status>
</kw>
<status status="PASS" starttime="20200130 17:03:04.681" endtime="20200130 17:03:19.453" critical="yes"></status>
</test>
<test id="s1-s1-t2" name="Create a note">
<kw name="Init Driver" library="BaseSteps" type="setup">
<msg timestamp="20200130 17:03:19.455" level="INFO">PLATFORM: Android
VERSION: 8.1.0
DEVICE_NAME: emulator-5556
APP_NAME: WeNote.apk</msg>
<status status="PASS" starttime="20200130 17:03:19.454" endtime="20200130 17:03:31.878"></status>
</kw>
<kw name="When navigate to home screen" library="AppSteps">
<msg timestamp="20200130 17:03:32.695" level="INFO">Page 'CalendarScreen' was opened</msg>
<msg timestamp="20200130 17:03:32.695" level="INFO">Click 'HomeButton'</msg>
<status status="PASS" starttime="20200130 17:03:31.878" endtime="20200130 17:03:32.959"></status>
</kw>
<kw name="When create note" library="AppSteps">
<arguments>
<arg>@test_data.note.text</arg>
</arguments>
<msg timestamp="20200130 17:03:33.215" level="INFO">Page 'CalendarScreen' was opened</msg>
<msg timestamp="20200130 17:03:33.215" level="INFO">Click 'AddNoteButton'</msg>
<msg timestamp="20200130 17:03:48.247" level="WARN">Element 'AddNoteButton' with locator com.yocto.wenote:id/linear_layout was not found</msg>
<msg timestamp="20200130 17:03:48.249" level="FAIL">TimeoutException: Message: Element 'AddNoteButton' with locator com.yocto.wenote:id/linear_layout was not found
</msg>
<status status="FAIL" starttime="20200130 17:03:32.960" endtime="20200130 17:03:48.249"></status>
</kw>
<status status="FAIL" starttime="20200130 17:03:19.454" endtime="20200130 17:03:48.250" critical="yes">TimeoutException: Message: Element 'AddNoteButton' with locator com.yocto.wenote:id/linear_layout was not found
</status>
</test>
<doc>Suite description</doc>
<status status="FAIL" starttime="20200130 17:03:04.428" endtime="20200130 17:03:48.251"></status>
</suite>
<status status="FAIL" starttime="20200130 17:03:04.406" endtime="20200130 17:03:48.253"></status>
</suite>
<statistics>
<total>
<stat pass="1" fail="1">Critical Tests</stat>
<stat pass="1" fail="1">All Tests</stat>
</total>
<tag>
</tag>
<suite>
<stat pass="1" fail="1" id="s1" name="Tests">Tests</stat>
<stat pass="1" fail="1" id="s1-s1" name="CalendraTest">Tests.CalendraTest</stat>
</suite>
</statistics>
<errors>
<msg timestamp="20200130 17:03:48.247" level="WARN">Element 'AddNoteButton' with locator com.yocto.wenote:id/linear_layout was not found</msg>
</errors>
</robot>
